<?xml version="1.0" encoding="UTF-8"?>
<testng-results ignored="0" total="1" passed="1" failed="0" skipped="0">
  <reporter-output>
  </reporter-output>
  <suite started-at="2025-04-30T15:23:09 IST" name="Suite" finished-at="2025-04-30T15:23:16 IST" duration-ms="6968">
    <groups>
    </groups>
    <test started-at="2025-04-30T15:23:09 IST" name="Jenkins Test" finished-at="2025-04-30T15:23:16 IST" duration-ms="6968">
      <class name="Test_Scripts.Admin_Login">
        <test-method is-config="true" signature="generateReport()[pri:0, instance:Test_Scripts.Admin_Login@1a5a4e19]" started-at="2025-04-30T15:23:09 IST" name="generateReport" finished-at="2025-04-30T15:23:09 IST" duration-ms="149" status="PASS">
          <reporter-output>
          </reporter-output>
        </test-method> <!-- generateReport -->
        <test-method is-config="true" signature="setUp(java.lang.String)[pri:0, instance:Test_Scripts.Admin_Login@1a5a4e19]" started-at="2025-04-30T15:23:09 IST" name="setUp" finished-at="2025-04-30T15:23:12 IST" duration-ms="2562" status="PASS">
          <params>
            <param index="0">
              <value>
                <![CDATA[https://qa-bidplan.aptagrim.co/auth/signin]]>
              </value>
            </param>
          </params>
          <reporter-output>
          </reporter-output>
        </test-method> <!-- setUp -->
        <test-method signature="AdminLogin_Test()[pri:0, instance:Test_Scripts.Admin_Login@1a5a4e19]" started-at="2025-04-30T15:23:12 IST" name="AdminLogin_Test" finished-at="2025-04-30T15:23:16 IST" duration-ms="4225" status="PASS">
          <reporter-output>
          </reporter-output>
        </test-method> <!-- AdminLogin_Test -->
        <test-method is-config="true" signature="Close_Browser()[pri:0, instance:Test_Scripts.Admin_Login@1a5a4e19]" started-at="2025-04-30T15:23:16 IST" name="Close_Browser" finished-at="2025-04-30T15:23:16 IST" duration-ms="165" status="PASS">
          <reporter-output>
          </reporter-output>
        </test-method> <!-- Close_Browser -->
        <test-method is-config="true" signature="Execution_Results()[pri:0, instance:Test_Scripts.Admin_Login@1a5a4e19]" started-at="2025-04-30T15:23:16 IST" name="Execution_Results" finished-at="2025-04-30T15:23:16 IST" duration-ms="0" status="PASS">
          <reporter-output>
          </reporter-output>
        </test-method> <!-- Execution_Results -->
        <test-method is-config="true" signature="TearDown()[pri:0, instance:Test_Scripts.Admin_Login@1a5a4e19]" started-at="2025-04-30T15:23:16 IST" name="TearDown" finished-at="2025-04-30T15:23:16 IST" duration-ms="187" status="FAIL">
          <exception class="org.apache.commons.mail.EmailException">
            <message>
              <![CDATA[Cannot attach file "C:\Users\Dinesh\git\Jenkins_Project/Reports/Automation_Report.html"]]>
            </message>
            <full-stacktrace>
              <![CDATA[org.apache.commons.mail.EmailException: Cannot attach file "C:\Users\Dinesh\git\Jenkins_Project/Reports/Automation_Report.html"
at org.apache.commons.mail.MultiPartEmail.attach(MultiPartEmail.java:333)
at Base_Package.Java_Mail.sendmail(Java_Mail.java:41)
at Base_Package.Base_Class.TearDown(Base_Class.java:142)
at java.base/jdk.internal.reflect.DirectMethodHandleAccessor.invoke(DirectMethodHandleAccessor.java:103)
at java.base/java.lang.reflect.Method.invoke(Method.java:580)
at org.testng.internal.invokers.MethodInvocationHelper.invokeMethod(MethodInvocationHelper.java:135)
at org.testng.internal.invokers.MethodInvocationHelper.invokeMethodConsideringTimeout(MethodInvocationHelper.java:65)
at org.testng.internal.invokers.ConfigInvoker.invokeConfigurationMethod(ConfigInvoker.java:381)
at org.testng.internal.invokers.ConfigInvoker.invokeConfigurations(ConfigInvoker.java:319)
at org.testng.SuiteRunner.privateRun(SuiteRunner.java:396)
at org.testng.SuiteRunner.run(SuiteRunner.java:326)
at org.testng.SuiteRunnerWorker.runSuite(SuiteRunnerWorker.java:52)
at org.testng.SuiteRunnerWorker.run(SuiteRunnerWorker.java:95)
at org.testng.TestNG.runSuitesSequentially(TestNG.java:1249)
at org.testng.TestNG.runSuitesLocally(TestNG.java:1169)
at org.testng.TestNG.runSuites(TestNG.java:1092)
at org.testng.TestNG.run(TestNG.java:1060)
at org.testng.remote.AbstractRemoteTestNG.run(AbstractRemoteTestNG.java:115)
at org.testng.remote.RemoteTestNG.initAndRun(RemoteTestNG.java:293)
at org.testng.remote.RemoteTestNG.main(RemoteTestNG.java:91)
Caused by: java.io.IOException: "C:\Users\Dinesh\git\Jenkins_Project/Reports/Automation_Report.html" does not exist
at org.apache.commons.mail.MultiPartEmail.attach(MultiPartEmail.java:322)
... 19 more
]]>
            </full-stacktrace>
          </exception> <!-- org.apache.commons.mail.EmailException -->
          <reporter-output>
          </reporter-output>
        </test-method> <!-- TearDown -->
      </class> <!-- Test_Scripts.Admin_Login -->
    </test> <!-- Jenkins Test -->
  </suite> <!-- Suite -->
</testng-results>
